{"/home/stiwar/StiwarA/controlUnity/pages/index.vue": {"path":"/home/stiwar/StiwarA/controlUnity/pages/index.vue","statementMap":{"0":{"start":{"line":53,"column":0},"end":{"line":53,"column":null}},"1":{"start":{"line":62,"column":0},"end":{"line":62,"column":null}},"2":{"start":{"line":63,"column":0},"end":{"line":63,"column":null}},"3":{"start":{"line":67,"column":0},"end":{"line":67,"column":null}},"4":{"start":{"line":71,"column":0},"end":{"line":73,"column":null}},"5":{"start":{"line":72,"column":0},"end":{"line":72,"column":null}},"6":{"start":{"line":76,"column":0},"end":{"line":76,"column":null}},"7":{"start":{"line":77,"column":0},"end":{"line":77,"column":null}},"8":{"start":{"line":78,"column":0},"end":{"line":78,"column":null}},"9":{"start":{"line":79,"column":0},"end":{"line":98,"column":null}},"10":{"start":{"line":89,"column":0},"end":{"line":89,"column":null}},"11":{"start":{"line":90,"column":0},"end":{"line":90,"column":null}},"12":{"start":{"line":93,"column":0},"end":{"line":93,"column":null}},"13":{"start":{"line":94,"column":0},"end":{"line":94,"column":null}},"14":{"start":{"line":95,"column":0},"end":{"line":95,"column":null}},"15":{"start":{"line":97,"column":0},"end":{"line":97,"column":null}},"16":{"start":{"line":1,"column":0},"end":{"line":1,"column":null}}},"fnMap":{"0":{"name":"(anonymous_0)","decl":{"start":{"line":52,"column":0},"end":{"line":52,"column":null}},"loc":{"start":{"line":52,"column":0},"end":{"line":65,"column":null}}},"1":{"name":"(anonymous_1)","decl":{"start":{"line":62,"column":0},"end":{"line":62,"column":null}},"loc":{"start":{"line":62,"column":0},"end":{"line":62,"column":null}}},"2":{"name":"(anonymous_2)","decl":{"start":{"line":63,"column":0},"end":{"line":63,"column":null}},"loc":{"start":{"line":63,"column":0},"end":{"line":63,"column":null}}},"3":{"name":"(anonymous_3)","decl":{"start":{"line":66,"column":0},"end":{"line":66,"column":null}},"loc":{"start":{"line":66,"column":0},"end":{"line":68,"column":null}}},"4":{"name":"(anonymous_4)","decl":{"start":{"line":70,"column":0},"end":{"line":70,"column":null}},"loc":{"start":{"line":70,"column":0},"end":{"line":74,"column":null}}},"5":{"name":"(anonymous_5)","decl":{"start":{"line":75,"column":0},"end":{"line":75,"column":null}},"loc":{"start":{"line":75,"column":0},"end":{"line":99,"column":null}}},"6":{"name":"(anonymous_6)","decl":{"start":{"line":79,"column":0},"end":{"line":79,"column":null}},"loc":{"start":{"line":79,"column":0},"end":{"line":91,"column":null}}},"7":{"name":"(anonymous_7)","decl":{"start":{"line":91,"column":0},"end":{"line":91,"column":null}},"loc":{"start":{"line":91,"column":0},"end":{"line":98,"column":null}}},"8":{"name":"(anonymous_8)","decl":{"start":{"line":1,"column":0},"end":{"line":1,"column":null}},"loc":{"start":{"line":1,"column":0},"end":{"line":1,"column":null}}}},"branchMap":{"0":{"loc":{"start":{"line":62,"column":0},"end":{"line":62,"column":null}},"type":"binary-expr","locations":[{"start":{"line":62,"column":0},"end":{"line":62,"column":null}},{"start":{"line":62,"column":0},"end":{"line":62,"column":null}}]},"1":{"loc":{"start":{"line":63,"column":0},"end":{"line":63,"column":null}},"type":"binary-expr","locations":[{"start":{"line":63,"column":0},"end":{"line":63,"column":null}},{"start":{"line":63,"column":0},"end":{"line":63,"column":null}}]},"2":{"loc":{"start":{"line":71,"column":0},"end":{"line":73,"column":null}},"type":"if","locations":[{"start":{"line":71,"column":0},"end":{"line":73,"column":null}},{"start":{"line":71,"column":0},"end":{"line":73,"column":null}}]},"3":{"loc":{"start":{"line":1,"column":0},"end":{"line":1,"column":null}},"type":"cond-expr","locations":[{"start":{"line":1,"column":0},"end":{"line":1,"column":null}},{"start":{"line":1,"column":0},"end":{"line":1,"column":null}}]}},"s":{"0":0,"1":0,"2":0,"3":0,"4":0,"5":0,"6":0,"7":0,"8":0,"9":0,"10":0,"11":0,"12":0,"13":0,"14":0,"15":0,"16":0},"f":{"0":0,"1":0,"2":0,"3":0,"4":0,"5":0,"6":0,"7":0,"8":0},"b":{"0":[0,0],"1":[0,0],"2":[0,0],"3":[0,0]}}
,"/home/stiwar/StiwarA/controlUnity/pages/home/index.vue": {"path":"/home/stiwar/StiwarA/controlUnity/pages/home/index.vue","statementMap":{"0":{"start":{"line":41,"column":0},"end":{"line":41,"column":null}},"1":{"start":{"line":1,"column":0},"end":{"line":1,"column":null}}},"fnMap":{"0":{"name":"(anonymous_0)","decl":{"start":{"line":40,"column":0},"end":{"line":40,"column":null}},"loc":{"start":{"line":40,"column":0},"end":{"line":87,"column":null}}},"1":{"name":"(anonymous_1)","decl":{"start":{"line":1,"column":0},"end":{"line":1,"column":null}},"loc":{"start":{"line":1,"column":0},"end":{"line":1,"column":null}}}},"branchMap":{},"s":{"0":0,"1":0},"f":{"0":0,"1":0},"b":{}}
,"/home/stiwar/StiwarA/controlUnity/pages/implementos/index.vue": {"path":"/home/stiwar/StiwarA/controlUnity/pages/implementos/index.vue","statementMap":{"0":{"start":{"line":279,"column":0},"end":{"line":279,"column":null}},"1":{"start":{"line":296,"column":0},"end":{"line":296,"column":null}},"2":{"start":{"line":297,"column":0},"end":{"line":297,"column":null}},"3":{"start":{"line":298,"column":0},"end":{"line":298,"column":null}},"4":{"start":{"line":302,"column":0},"end":{"line":302,"column":null}},"5":{"start":{"line":306,"column":0},"end":{"line":306,"column":null}},"6":{"start":{"line":307,"column":0},"end":{"line":307,"column":null}},"7":{"start":{"line":311,"column":0},"end":{"line":311,"column":null}},"8":{"start":{"line":315,"column":0},"end":{"line":315,"column":null}},"9":{"start":{"line":351,"column":0},"end":{"line":359,"column":null}},"10":{"start":{"line":352,"column":0},"end":{"line":352,"column":null}},"11":{"start":{"line":353,"column":0},"end":{"line":353,"column":null}},"12":{"start":{"line":355,"column":0},"end":{"line":355,"column":null}},"13":{"start":{"line":356,"column":0},"end":{"line":356,"column":null}},"14":{"start":{"line":357,"column":0},"end":{"line":357,"column":null}},"15":{"start":{"line":358,"column":0},"end":{"line":358,"column":null}},"16":{"start":{"line":362,"column":0},"end":{"line":362,"column":null}},"17":{"start":{"line":366,"column":0},"end":{"line":368,"column":null}},"18":{"start":{"line":367,"column":0},"end":{"line":367,"column":null}},"19":{"start":{"line":372,"column":0},"end":{"line":395,"column":null}},"20":{"start":{"line":385,"column":0},"end":{"line":385,"column":null}},"21":{"start":{"line":386,"column":0},"end":{"line":386,"column":null}},"22":{"start":{"line":387,"column":0},"end":{"line":387,"column":null}},"23":{"start":{"line":388,"column":0},"end":{"line":388,"column":null}},"24":{"start":{"line":391,"column":0},"end":{"line":391,"column":null}},"25":{"start":{"line":392,"column":0},"end":{"line":392,"column":null}},"26":{"start":{"line":393,"column":0},"end":{"line":393,"column":null}},"27":{"start":{"line":394,"column":0},"end":{"line":394,"column":null}},"28":{"start":{"line":399,"column":0},"end":{"line":399,"column":null}},"29":{"start":{"line":400,"column":0},"end":{"line":411,"column":null}},"30":{"start":{"line":403,"column":0},"end":{"line":403,"column":null}},"31":{"start":{"line":404,"column":0},"end":{"line":404,"column":null}},"32":{"start":{"line":407,"column":0},"end":{"line":407,"column":null}},"33":{"start":{"line":408,"column":0},"end":{"line":408,"column":null}},"34":{"start":{"line":409,"column":0},"end":{"line":409,"column":null}},"35":{"start":{"line":410,"column":0},"end":{"line":410,"column":null}},"36":{"start":{"line":415,"column":0},"end":{"line":430,"column":null}},"37":{"start":{"line":416,"column":0},"end":{"line":416,"column":null}},"38":{"start":{"line":417,"column":0},"end":{"line":417,"column":null}},"39":{"start":{"line":418,"column":0},"end":{"line":418,"column":null}},"40":{"start":{"line":419,"column":0},"end":{"line":419,"column":null}},"41":{"start":{"line":420,"column":0},"end":{"line":420,"column":null}},"42":{"start":{"line":421,"column":0},"end":{"line":421,"column":null}},"43":{"start":{"line":422,"column":0},"end":{"line":422,"column":null}},"44":{"start":{"line":423,"column":0},"end":{"line":423,"column":null}},"45":{"start":{"line":424,"column":0},"end":{"line":424,"column":null}},"46":{"start":{"line":425,"column":0},"end":{"line":425,"column":null}},"47":{"start":{"line":426,"column":0},"end":{"line":426,"column":null}},"48":{"start":{"line":427,"column":0},"end":{"line":427,"column":null}},"49":{"start":{"line":428,"column":0},"end":{"line":428,"column":null}},"50":{"start":{"line":429,"column":0},"end":{"line":429,"column":null}},"51":{"start":{"line":434,"column":0},"end":{"line":434,"column":null}},"52":{"start":{"line":435,"column":0},"end":{"line":452,"column":null}},"53":{"start":{"line":436,"column":0},"end":{"line":451,"column":null}},"54":{"start":{"line":439,"column":0},"end":{"line":439,"column":null}},"55":{"start":{"line":440,"column":0},"end":{"line":440,"column":null}},"56":{"start":{"line":441,"column":0},"end":{"line":441,"column":null}},"57":{"start":{"line":442,"column":0},"end":{"line":442,"column":null}},"58":{"start":{"line":443,"column":0},"end":{"line":443,"column":null}},"59":{"start":{"line":444,"column":0},"end":{"line":444,"column":null}},"60":{"start":{"line":447,"column":0},"end":{"line":447,"column":null}},"61":{"start":{"line":448,"column":0},"end":{"line":448,"column":null}},"62":{"start":{"line":449,"column":0},"end":{"line":449,"column":null}},"63":{"start":{"line":450,"column":0},"end":{"line":450,"column":null}},"64":{"start":{"line":453,"column":0},"end":{"line":453,"column":null}},"65":{"start":{"line":1,"column":0},"end":{"line":1,"column":null}}},"fnMap":{"0":{"name":"(anonymous_0)","decl":{"start":{"line":278,"column":0},"end":{"line":278,"column":null}},"loc":{"start":{"line":278,"column":0},"end":{"line":349,"column":null}}},"1":{"name":"(anonymous_1)","decl":{"start":{"line":296,"column":0},"end":{"line":296,"column":null}},"loc":{"start":{"line":296,"column":0},"end":{"line":296,"column":null}}},"2":{"name":"(anonymous_2)","decl":{"start":{"line":297,"column":0},"end":{"line":297,"column":null}},"loc":{"start":{"line":297,"column":0},"end":{"line":297,"column":null}}},"3":{"name":"(anonymous_3)","decl":{"start":{"line":298,"column":0},"end":{"line":298,"column":null}},"loc":{"start":{"line":298,"column":0},"end":{"line":298,"column":null}}},"4":{"name":"(anonymous_5)","decl":{"start":{"line":302,"column":0},"end":{"line":302,"column":null}},"loc":{"start":{"line":302,"column":0},"end":{"line":302,"column":null}}},"5":{"name":"(anonymous_7)","decl":{"start":{"line":306,"column":0},"end":{"line":306,"column":null}},"loc":{"start":{"line":306,"column":0},"end":{"line":306,"column":null}}},"6":{"name":"(anonymous_8)","decl":{"start":{"line":307,"column":0},"end":{"line":307,"column":null}},"loc":{"start":{"line":307,"column":0},"end":{"line":307,"column":null}}},"7":{"name":"(anonymous_10)","decl":{"start":{"line":311,"column":0},"end":{"line":311,"column":null}},"loc":{"start":{"line":311,"column":0},"end":{"line":311,"column":null}}},"8":{"name":"(anonymous_12)","decl":{"start":{"line":315,"column":0},"end":{"line":315,"column":null}},"loc":{"start":{"line":315,"column":0},"end":{"line":315,"column":null}}},"9":{"name":"(anonymous_14)","decl":{"start":{"line":350,"column":0},"end":{"line":350,"column":null}},"loc":{"start":{"line":350,"column":0},"end":{"line":360,"column":null}}},"10":{"name":"(anonymous_15)","decl":{"start":{"line":361,"column":0},"end":{"line":361,"column":null}},"loc":{"start":{"line":361,"column":0},"end":{"line":363,"column":null}}},"11":{"name":"(anonymous_16)","decl":{"start":{"line":365,"column":0},"end":{"line":365,"column":null}},"loc":{"start":{"line":365,"column":0},"end":{"line":369,"column":null}}},"12":{"name":"(anonymous_17)","decl":{"start":{"line":371,"column":0},"end":{"line":371,"column":null}},"loc":{"start":{"line":371,"column":0},"end":{"line":396,"column":null}}},"13":{"name":"(anonymous_18)","decl":{"start":{"line":373,"column":0},"end":{"line":373,"column":null}},"loc":{"start":{"line":373,"column":0},"end":{"line":389,"column":null}}},"14":{"name":"(anonymous_19)","decl":{"start":{"line":389,"column":0},"end":{"line":389,"column":null}},"loc":{"start":{"line":389,"column":0},"end":{"line":395,"column":null}}},"15":{"name":"(anonymous_20)","decl":{"start":{"line":398,"column":0},"end":{"line":398,"column":null}},"loc":{"start":{"line":398,"column":0},"end":{"line":412,"column":null}}},"16":{"name":"(anonymous_21)","decl":{"start":{"line":400,"column":0},"end":{"line":400,"column":null}},"loc":{"start":{"line":400,"column":0},"end":{"line":405,"column":null}}},"17":{"name":"(anonymous_22)","decl":{"start":{"line":405,"column":0},"end":{"line":405,"column":null}},"loc":{"start":{"line":405,"column":0},"end":{"line":411,"column":null}}},"18":{"name":"(anonymous_23)","decl":{"start":{"line":414,"column":0},"end":{"line":414,"column":null}},"loc":{"start":{"line":414,"column":0},"end":{"line":431,"column":null}}},"19":{"name":"(anonymous_24)","decl":{"start":{"line":415,"column":0},"end":{"line":415,"column":null}},"loc":{"start":{"line":415,"column":0},"end":{"line":430,"column":null}}},"20":{"name":"(anonymous_25)","decl":{"start":{"line":416,"column":0},"end":{"line":416,"column":null}},"loc":{"start":{"line":416,"column":0},"end":{"line":416,"column":null}}},"21":{"name":"(anonymous_26)","decl":{"start":{"line":433,"column":0},"end":{"line":433,"column":null}},"loc":{"start":{"line":433,"column":0},"end":{"line":454,"column":null}}},"22":{"name":"(anonymous_27)","decl":{"start":{"line":436,"column":0},"end":{"line":436,"column":null}},"loc":{"start":{"line":436,"column":0},"end":{"line":445,"column":null}}},"23":{"name":"(anonymous_28)","decl":{"start":{"line":445,"column":0},"end":{"line":445,"column":null}},"loc":{"start":{"line":445,"column":0},"end":{"line":451,"column":null}}},"24":{"name":"(anonymous_29)","decl":{"start":{"line":1,"column":0},"end":{"line":1,"column":null}},"loc":{"start":{"line":1,"column":0},"end":{"line":1,"column":null}}}},"branchMap":{"0":{"loc":{"start":{"line":296,"column":0},"end":{"line":296,"column":null}},"type":"binary-expr","locations":[{"start":{"line":296,"column":0},"end":{"line":296,"column":null}},{"start":{"line":296,"column":0},"end":{"line":296,"column":null}}]},"1":{"loc":{"start":{"line":297,"column":0},"end":{"line":297,"column":null}},"type":"binary-expr","locations":[{"start":{"line":297,"column":0},"end":{"line":297,"column":null}},{"start":{"line":297,"column":0},"end":{"line":297,"column":null}}]},"2":{"loc":{"start":{"line":298,"column":0},"end":{"line":298,"column":null}},"type":"binary-expr","locations":[{"start":{"line":298,"column":0},"end":{"line":298,"column":null}},{"start":{"line":298,"column":0},"end":{"line":298,"column":null}}]},"3":{"loc":{"start":{"line":302,"column":0},"end":{"line":302,"column":null}},"type":"binary-expr","locations":[{"start":{"line":302,"column":0},"end":{"line":302,"column":null}},{"start":{"line":302,"column":0},"end":{"line":302,"column":null}}]},"4":{"loc":{"start":{"line":306,"column":0},"end":{"line":306,"column":null}},"type":"binary-expr","locations":[{"start":{"line":306,"column":0},"end":{"line":306,"column":null}},{"start":{"line":306,"column":0},"end":{"line":306,"column":null}}]},"5":{"loc":{"start":{"line":307,"column":0},"end":{"line":307,"column":null}},"type":"binary-expr","locations":[{"start":{"line":307,"column":0},"end":{"line":307,"column":null}},{"start":{"line":307,"column":0},"end":{"line":307,"column":null}}]},"6":{"loc":{"start":{"line":311,"column":0},"end":{"line":311,"column":null}},"type":"binary-expr","locations":[{"start":{"line":311,"column":0},"end":{"line":311,"column":null}},{"start":{"line":311,"column":0},"end":{"line":311,"column":null}}]},"7":{"loc":{"start":{"line":315,"column":0},"end":{"line":315,"column":null}},"type":"binary-expr","locations":[{"start":{"line":315,"column":0},"end":{"line":315,"column":null}},{"start":{"line":315,"column":0},"end":{"line":315,"column":null}}]},"8":{"loc":{"start":{"line":366,"column":0},"end":{"line":368,"column":null}},"type":"if","locations":[{"start":{"line":366,"column":0},"end":{"line":368,"column":null}},{"start":{"line":366,"column":0},"end":{"line":368,"column":null}}]},"9":{"loc":{"start":{"line":435,"column":0},"end":{"line":452,"column":null}},"type":"if","locations":[{"start":{"line":435,"column":0},"end":{"line":452,"column":null}},{"start":{"line":435,"column":0},"end":{"line":452,"column":null}}]},"10":{"loc":{"start":{"line":1,"column":0},"end":{"line":1,"column":null}},"type":"cond-expr","locations":[{"start":{"line":1,"column":0},"end":{"line":1,"column":null}},{"start":{"line":1,"column":0},"end":{"line":1,"column":null}}]}},"s":{"0":0,"1":0,"2":0,"3":0,"4":0,"5":0,"6":0,"7":0,"8":0,"9":0,"10":0,"11":0,"12":0,"13":0,"14":0,"15":0,"16":0,"17":0,"18":0,"19":0,"20":0,"21":0,"22":0,"23":0,"24":0,"25":0,"26":0,"27":0,"28":0,"29":0,"30":0,"31":0,"32":0,"33":0,"34":0,"35":0,"36":0,"37":0,"38":0,"39":0,"40":0,"41":0,"42":0,"43":0,"44":0,"45":0,"46":0,"47":0,"48":0,"49":0,"50":0,"51":0,"52":0,"53":0,"54":0,"55":0,"56":0,"57":0,"58":0,"59":0,"60":0,"61":0,"62":0,"63":0,"64":0,"65":0},"f":{"0":0,"1":0,"2":0,"3":0,"4":0,"5":0,"6":0,"7":0,"8":0,"9":0,"10":0,"11":0,"12":0,"13":0,"14":0,"15":0,"16":0,"17":0,"18":0,"19":0,"20":0,"21":0,"22":0,"23":0,"24":0},"b":{"0":[0,0],"1":[0,0],"2":[0,0],"3":[0,0],"4":[0,0],"5":[0,0],"6":[0,0],"7":[0,0],"8":[0,0],"9":[0,0],"10":[0,0]}}
,"/home/stiwar/StiwarA/controlUnity/pages/profesores/index.vue": {"path":"/home/stiwar/StiwarA/controlUnity/pages/profesores/index.vue","statementMap":{"0":{"start":{"line":212,"column":0},"end":{"line":212,"column":null}},"1":{"start":{"line":223,"column":0},"end":{"line":223,"column":null}},"2":{"start":{"line":224,"column":0},"end":{"line":224,"column":null}},"3":{"start":{"line":228,"column":0},"end":{"line":228,"column":null}},"4":{"start":{"line":229,"column":0},"end":{"line":229,"column":null}},"5":{"start":{"line":236,"column":0},"end":{"line":236,"column":null}},"6":{"start":{"line":273,"column":0},"end":{"line":282,"column":null}},"7":{"start":{"line":274,"column":0},"end":{"line":274,"column":null}},"8":{"start":{"line":275,"column":0},"end":{"line":275,"column":null}},"9":{"start":{"line":276,"column":0},"end":{"line":276,"column":null}},"10":{"start":{"line":278,"column":0},"end":{"line":278,"column":null}},"11":{"start":{"line":279,"column":0},"end":{"line":279,"column":null}},"12":{"start":{"line":280,"column":0},"end":{"line":280,"column":null}},"13":{"start":{"line":281,"column":0},"end":{"line":281,"column":null}},"14":{"start":{"line":285,"column":0},"end":{"line":285,"column":null}},"15":{"start":{"line":289,"column":0},"end":{"line":291,"column":null}},"16":{"start":{"line":290,"column":0},"end":{"line":290,"column":null}},"17":{"start":{"line":295,"column":0},"end":{"line":313,"column":null}},"18":{"start":{"line":303,"column":0},"end":{"line":303,"column":null}},"19":{"start":{"line":304,"column":0},"end":{"line":304,"column":null}},"20":{"start":{"line":305,"column":0},"end":{"line":305,"column":null}},"21":{"start":{"line":306,"column":0},"end":{"line":306,"column":null}},"22":{"start":{"line":309,"column":0},"end":{"line":309,"column":null}},"23":{"start":{"line":310,"column":0},"end":{"line":310,"column":null}},"24":{"start":{"line":311,"column":0},"end":{"line":311,"column":null}},"25":{"start":{"line":312,"column":0},"end":{"line":312,"column":null}},"26":{"start":{"line":316,"column":0},"end":{"line":316,"column":null}},"27":{"start":{"line":317,"column":0},"end":{"line":317,"column":null}},"28":{"start":{"line":318,"column":0},"end":{"line":328,"column":null}},"29":{"start":{"line":321,"column":0},"end":{"line":321,"column":null}},"30":{"start":{"line":324,"column":0},"end":{"line":324,"column":null}},"31":{"start":{"line":325,"column":0},"end":{"line":325,"column":null}},"32":{"start":{"line":326,"column":0},"end":{"line":326,"column":null}},"33":{"start":{"line":327,"column":0},"end":{"line":327,"column":null}},"34":{"start":{"line":331,"column":0},"end":{"line":342,"column":null}},"35":{"start":{"line":332,"column":0},"end":{"line":332,"column":null}},"36":{"start":{"line":333,"column":0},"end":{"line":333,"column":null}},"37":{"start":{"line":334,"column":0},"end":{"line":334,"column":null}},"38":{"start":{"line":335,"column":0},"end":{"line":335,"column":null}},"39":{"start":{"line":336,"column":0},"end":{"line":336,"column":null}},"40":{"start":{"line":337,"column":0},"end":{"line":337,"column":null}},"41":{"start":{"line":338,"column":0},"end":{"line":338,"column":null}},"42":{"start":{"line":339,"column":0},"end":{"line":339,"column":null}},"43":{"start":{"line":340,"column":0},"end":{"line":340,"column":null}},"44":{"start":{"line":341,"column":0},"end":{"line":341,"column":null}},"45":{"start":{"line":346,"column":0},"end":{"line":346,"column":null}},"46":{"start":{"line":347,"column":0},"end":{"line":367,"column":null}},"47":{"start":{"line":348,"column":0},"end":{"line":366,"column":null}},"48":{"start":{"line":351,"column":0},"end":{"line":351,"column":null}},"49":{"start":{"line":354,"column":0},"end":{"line":354,"column":null}},"50":{"start":{"line":355,"column":0},"end":{"line":355,"column":null}},"51":{"start":{"line":356,"column":0},"end":{"line":356,"column":null}},"52":{"start":{"line":357,"column":0},"end":{"line":357,"column":null}},"53":{"start":{"line":358,"column":0},"end":{"line":358,"column":null}},"54":{"start":{"line":359,"column":0},"end":{"line":359,"column":null}},"55":{"start":{"line":362,"column":0},"end":{"line":362,"column":null}},"56":{"start":{"line":363,"column":0},"end":{"line":363,"column":null}},"57":{"start":{"line":364,"column":0},"end":{"line":364,"column":null}},"58":{"start":{"line":365,"column":0},"end":{"line":365,"column":null}},"59":{"start":{"line":368,"column":0},"end":{"line":368,"column":null}},"60":{"start":{"line":1,"column":0},"end":{"line":1,"column":null}}},"fnMap":{"0":{"name":"(anonymous_0)","decl":{"start":{"line":211,"column":0},"end":{"line":211,"column":null}},"loc":{"start":{"line":211,"column":0},"end":{"line":271,"column":null}}},"1":{"name":"(anonymous_1)","decl":{"start":{"line":223,"column":0},"end":{"line":223,"column":null}},"loc":{"start":{"line":223,"column":0},"end":{"line":223,"column":null}}},"2":{"name":"(anonymous_2)","decl":{"start":{"line":224,"column":0},"end":{"line":224,"column":null}},"loc":{"start":{"line":224,"column":0},"end":{"line":224,"column":null}}},"3":{"name":"(anonymous_4)","decl":{"start":{"line":228,"column":0},"end":{"line":228,"column":null}},"loc":{"start":{"line":228,"column":0},"end":{"line":228,"column":null}}},"4":{"name":"(anonymous_5)","decl":{"start":{"line":229,"column":0},"end":{"line":229,"column":null}},"loc":{"start":{"line":229,"column":0},"end":{"line":229,"column":null}}},"5":{"name":"(anonymous_7)","decl":{"start":{"line":236,"column":0},"end":{"line":236,"column":null}},"loc":{"start":{"line":236,"column":0},"end":{"line":236,"column":null}}},"6":{"name":"(anonymous_8)","decl":{"start":{"line":272,"column":0},"end":{"line":272,"column":null}},"loc":{"start":{"line":272,"column":0},"end":{"line":283,"column":null}}},"7":{"name":"(anonymous_9)","decl":{"start":{"line":284,"column":0},"end":{"line":284,"column":null}},"loc":{"start":{"line":284,"column":0},"end":{"line":286,"column":null}}},"8":{"name":"(anonymous_10)","decl":{"start":{"line":288,"column":0},"end":{"line":288,"column":null}},"loc":{"start":{"line":288,"column":0},"end":{"line":292,"column":null}}},"9":{"name":"(anonymous_11)","decl":{"start":{"line":294,"column":0},"end":{"line":294,"column":null}},"loc":{"start":{"line":294,"column":0},"end":{"line":314,"column":null}}},"10":{"name":"(anonymous_12)","decl":{"start":{"line":296,"column":0},"end":{"line":296,"column":null}},"loc":{"start":{"line":296,"column":0},"end":{"line":307,"column":null}}},"11":{"name":"(anonymous_13)","decl":{"start":{"line":307,"column":0},"end":{"line":307,"column":null}},"loc":{"start":{"line":307,"column":0},"end":{"line":313,"column":null}}},"12":{"name":"(anonymous_14)","decl":{"start":{"line":315,"column":0},"end":{"line":315,"column":null}},"loc":{"start":{"line":315,"column":0},"end":{"line":329,"column":null}}},"13":{"name":"(anonymous_15)","decl":{"start":{"line":318,"column":0},"end":{"line":318,"column":null}},"loc":{"start":{"line":318,"column":0},"end":{"line":322,"column":null}}},"14":{"name":"(anonymous_16)","decl":{"start":{"line":322,"column":0},"end":{"line":322,"column":null}},"loc":{"start":{"line":322,"column":0},"end":{"line":328,"column":null}}},"15":{"name":"(anonymous_17)","decl":{"start":{"line":330,"column":0},"end":{"line":330,"column":null}},"loc":{"start":{"line":330,"column":0},"end":{"line":343,"column":null}}},"16":{"name":"(anonymous_18)","decl":{"start":{"line":331,"column":0},"end":{"line":331,"column":null}},"loc":{"start":{"line":331,"column":0},"end":{"line":342,"column":null}}},"17":{"name":"(anonymous_19)","decl":{"start":{"line":332,"column":0},"end":{"line":332,"column":null}},"loc":{"start":{"line":332,"column":0},"end":{"line":332,"column":null}}},"18":{"name":"(anonymous_20)","decl":{"start":{"line":345,"column":0},"end":{"line":345,"column":null}},"loc":{"start":{"line":345,"column":0},"end":{"line":369,"column":null}}},"19":{"name":"(anonymous_21)","decl":{"start":{"line":348,"column":0},"end":{"line":348,"column":null}},"loc":{"start":{"line":348,"column":0},"end":{"line":360,"column":null}}},"20":{"name":"(anonymous_22)","decl":{"start":{"line":351,"column":0},"end":{"line":351,"column":null}},"loc":{"start":{"line":351,"column":0},"end":{"line":351,"column":null}}},"21":{"name":"(anonymous_23)","decl":{"start":{"line":360,"column":0},"end":{"line":360,"column":null}},"loc":{"start":{"line":360,"column":0},"end":{"line":366,"column":null}}},"22":{"name":"(anonymous_24)","decl":{"start":{"line":1,"column":0},"end":{"line":1,"column":null}},"loc":{"start":{"line":1,"column":0},"end":{"line":1,"column":null}}}},"branchMap":{"0":{"loc":{"start":{"line":223,"column":0},"end":{"line":223,"column":null}},"type":"binary-expr","locations":[{"start":{"line":223,"column":0},"end":{"line":223,"column":null}},{"start":{"line":223,"column":0},"end":{"line":223,"column":null}}]},"1":{"loc":{"start":{"line":224,"column":0},"end":{"line":224,"column":null}},"type":"binary-expr","locations":[{"start":{"line":224,"column":0},"end":{"line":224,"column":null}},{"start":{"line":224,"column":0},"end":{"line":224,"column":null}}]},"2":{"loc":{"start":{"line":228,"column":0},"end":{"line":228,"column":null}},"type":"binary-expr","locations":[{"start":{"line":228,"column":0},"end":{"line":228,"column":null}},{"start":{"line":228,"column":0},"end":{"line":228,"column":null}}]},"3":{"loc":{"start":{"line":229,"column":0},"end":{"line":229,"column":null}},"type":"binary-expr","locations":[{"start":{"line":229,"column":0},"end":{"line":229,"column":null}},{"start":{"line":229,"column":0},"end":{"line":229,"column":null}}]},"4":{"loc":{"start":{"line":236,"column":0},"end":{"line":236,"column":null}},"type":"binary-expr","locations":[{"start":{"line":236,"column":0},"end":{"line":236,"column":null}},{"start":{"line":236,"column":0},"end":{"line":236,"column":null}}]},"5":{"loc":{"start":{"line":289,"column":0},"end":{"line":291,"column":null}},"type":"if","locations":[{"start":{"line":289,"column":0},"end":{"line":291,"column":null}},{"start":{"line":289,"column":0},"end":{"line":291,"column":null}}]},"6":{"loc":{"start":{"line":347,"column":0},"end":{"line":367,"column":null}},"type":"if","locations":[{"start":{"line":347,"column":0},"end":{"line":367,"column":null}},{"start":{"line":347,"column":0},"end":{"line":367,"column":null}}]},"7":{"loc":{"start":{"line":1,"column":0},"end":{"line":1,"column":null}},"type":"cond-expr","locations":[{"start":{"line":1,"column":0},"end":{"line":1,"column":null}},{"start":{"line":1,"column":0},"end":{"line":1,"column":null}}]}},"s":{"0":0,"1":0,"2":0,"3":0,"4":0,"5":0,"6":0,"7":0,"8":0,"9":0,"10":0,"11":0,"12":0,"13":0,"14":0,"15":0,"16":0,"17":0,"18":0,"19":0,"20":0,"21":0,"22":0,"23":0,"24":0,"25":0,"26":0,"27":0,"28":0,"29":0,"30":0,"31":0,"32":0,"33":0,"34":0,"35":0,"36":0,"37":0,"38":0,"39":0,"40":0,"41":0,"42":0,"43":0,"44":0,"45":0,"46":0,"47":0,"48":0,"49":0,"50":0,"51":0,"52":0,"53":0,"54":0,"55":0,"56":0,"57":0,"58":0,"59":0,"60":0},"f":{"0":0,"1":0,"2":0,"3":0,"4":0,"5":0,"6":0,"7":0,"8":0,"9":0,"10":0,"11":0,"12":0,"13":0,"14":0,"15":0,"16":0,"17":0,"18":0,"19":0,"20":0,"21":0,"22":0},"b":{"0":[0,0],"1":[0,0],"2":[0,0],"3":[0,0],"4":[0,0],"5":[0,0],"6":[0,0],"7":[0,0]}}
,"/home/stiwar/StiwarA/controlUnity/pages/registro/index.vue": {"path":"/home/stiwar/StiwarA/controlUnity/pages/registro/index.vue","statementMap":{"0":{"start":{"line":66,"column":0},"end":{"line":66,"column":null}},"1":{"start":{"line":76,"column":0},"end":{"line":76,"column":null}},"2":{"start":{"line":77,"column":0},"end":{"line":77,"column":null}},"3":{"start":{"line":78,"column":0},"end":{"line":78,"column":null}},"4":{"start":{"line":85,"column":0},"end":{"line":85,"column":null}},"5":{"start":{"line":92,"column":0},"end":{"line":92,"column":null}},"6":{"start":{"line":96,"column":0},"end":{"line":111,"column":null}},"7":{"start":{"line":104,"column":0},"end":{"line":104,"column":null}},"8":{"start":{"line":107,"column":0},"end":{"line":107,"column":null}},"9":{"start":{"line":108,"column":0},"end":{"line":108,"column":null}},"10":{"start":{"line":109,"column":0},"end":{"line":109,"column":null}},"11":{"start":{"line":110,"column":0},"end":{"line":110,"column":null}},"12":{"start":{"line":1,"column":0},"end":{"line":1,"column":null}}},"fnMap":{"0":{"name":"(anonymous_0)","decl":{"start":{"line":65,"column":0},"end":{"line":65,"column":null}},"loc":{"start":{"line":65,"column":0},"end":{"line":90,"column":null}}},"1":{"name":"(anonymous_1)","decl":{"start":{"line":76,"column":0},"end":{"line":76,"column":null}},"loc":{"start":{"line":76,"column":0},"end":{"line":76,"column":null}}},"2":{"name":"(anonymous_2)","decl":{"start":{"line":77,"column":0},"end":{"line":77,"column":null}},"loc":{"start":{"line":77,"column":0},"end":{"line":77,"column":null}}},"3":{"name":"(anonymous_3)","decl":{"start":{"line":78,"column":0},"end":{"line":78,"column":null}},"loc":{"start":{"line":78,"column":0},"end":{"line":78,"column":null}}},"4":{"name":"(anonymous_5)","decl":{"start":{"line":85,"column":0},"end":{"line":85,"column":null}},"loc":{"start":{"line":85,"column":0},"end":{"line":85,"column":null}}},"5":{"name":"(anonymous_7)","decl":{"start":{"line":91,"column":0},"end":{"line":91,"column":null}},"loc":{"start":{"line":91,"column":0},"end":{"line":93,"column":null}}},"6":{"name":"(anonymous_8)","decl":{"start":{"line":95,"column":0},"end":{"line":95,"column":null}},"loc":{"start":{"line":95,"column":0},"end":{"line":112,"column":null}}},"7":{"name":"(anonymous_9)","decl":{"start":{"line":97,"column":0},"end":{"line":97,"column":null}},"loc":{"start":{"line":97,"column":0},"end":{"line":105,"column":null}}},"8":{"name":"(anonymous_10)","decl":{"start":{"line":105,"column":0},"end":{"line":105,"column":null}},"loc":{"start":{"line":105,"column":0},"end":{"line":111,"column":null}}},"9":{"name":"(anonymous_11)","decl":{"start":{"line":1,"column":0},"end":{"line":1,"column":null}},"loc":{"start":{"line":1,"column":0},"end":{"line":1,"column":null}}}},"branchMap":{"0":{"loc":{"start":{"line":76,"column":0},"end":{"line":76,"column":null}},"type":"binary-expr","locations":[{"start":{"line":76,"column":0},"end":{"line":76,"column":null}},{"start":{"line":76,"column":0},"end":{"line":76,"column":null}}]},"1":{"loc":{"start":{"line":77,"column":0},"end":{"line":77,"column":null}},"type":"binary-expr","locations":[{"start":{"line":77,"column":0},"end":{"line":77,"column":null}},{"start":{"line":77,"column":0},"end":{"line":77,"column":null}}]},"2":{"loc":{"start":{"line":78,"column":0},"end":{"line":78,"column":null}},"type":"binary-expr","locations":[{"start":{"line":78,"column":0},"end":{"line":78,"column":null}},{"start":{"line":78,"column":0},"end":{"line":78,"column":null}}]},"3":{"loc":{"start":{"line":85,"column":0},"end":{"line":85,"column":null}},"type":"binary-expr","locations":[{"start":{"line":85,"column":0},"end":{"line":85,"column":null}},{"start":{"line":85,"column":0},"end":{"line":85,"column":null}}]},"4":{"loc":{"start":{"line":1,"column":0},"end":{"line":1,"column":null}},"type":"cond-expr","locations":[{"start":{"line":1,"column":0},"end":{"line":1,"column":null}},{"start":{"line":1,"column":0},"end":{"line":1,"column":null}}]}},"s":{"0":0,"1":0,"2":0,"3":0,"4":0,"5":0,"6":0,"7":0,"8":0,"9":0,"10":0,"11":0,"12":0},"f":{"0":0,"1":0,"2":0,"3":0,"4":0,"5":0,"6":0,"7":0,"8":0,"9":0},"b":{"0":[0,0],"1":[0,0],"2":[0,0],"3":[0,0],"4":[0,0]}}
,"/home/stiwar/StiwarA/controlUnity/pages/reservar/index.vue": {"path":"/home/stiwar/StiwarA/controlUnity/pages/reservar/index.vue","statementMap":{"0":{"start":{"line":117,"column":0},"end":{"line":117,"column":null}},"1":{"start":{"line":132,"column":0},"end":{"line":132,"column":null}},"2":{"start":{"line":133,"column":0},"end":{"line":133,"column":null}},"3":{"start":{"line":134,"column":0},"end":{"line":134,"column":null}},"4":{"start":{"line":135,"column":0},"end":{"line":135,"column":null}},"5":{"start":{"line":136,"column":0},"end":{"line":136,"column":null}},"6":{"start":{"line":151,"column":0},"end":{"line":151,"column":null}},"7":{"start":{"line":152,"column":0},"end":{"line":152,"column":null}},"8":{"start":{"line":155,"column":0},"end":{"line":155,"column":null}},"9":{"start":{"line":159,"column":0},"end":{"line":161,"column":null}},"10":{"start":{"line":160,"column":0},"end":{"line":160,"column":null}},"11":{"start":{"line":164,"column":0},"end":{"line":174,"column":null}},"12":{"start":{"line":167,"column":0},"end":{"line":167,"column":null}},"13":{"start":{"line":170,"column":0},"end":{"line":170,"column":null}},"14":{"start":{"line":171,"column":0},"end":{"line":171,"column":null}},"15":{"start":{"line":172,"column":0},"end":{"line":172,"column":null}},"16":{"start":{"line":173,"column":0},"end":{"line":173,"column":null}},"17":{"start":{"line":177,"column":0},"end":{"line":187,"column":null}},"18":{"start":{"line":180,"column":0},"end":{"line":180,"column":null}},"19":{"start":{"line":183,"column":0},"end":{"line":183,"column":null}},"20":{"start":{"line":184,"column":0},"end":{"line":184,"column":null}},"21":{"start":{"line":185,"column":0},"end":{"line":185,"column":null}},"22":{"start":{"line":186,"column":0},"end":{"line":186,"column":null}},"23":{"start":{"line":190,"column":0},"end":{"line":190,"column":null}},"24":{"start":{"line":198,"column":0},"end":{"line":211,"column":null}},"25":{"start":{"line":201,"column":0},"end":{"line":201,"column":null}},"26":{"start":{"line":202,"column":0},"end":{"line":202,"column":null}},"27":{"start":{"line":203,"column":0},"end":{"line":203,"column":null}},"28":{"start":{"line":204,"column":0},"end":{"line":204,"column":null}},"29":{"start":{"line":207,"column":0},"end":{"line":207,"column":null}},"30":{"start":{"line":208,"column":0},"end":{"line":208,"column":null}},"31":{"start":{"line":209,"column":0},"end":{"line":209,"column":null}},"32":{"start":{"line":210,"column":0},"end":{"line":210,"column":null}},"33":{"start":{"line":1,"column":0},"end":{"line":1,"column":null}}},"fnMap":{"0":{"name":"(anonymous_0)","decl":{"start":{"line":116,"column":0},"end":{"line":116,"column":null}},"loc":{"start":{"line":116,"column":0},"end":{"line":149,"column":null}}},"1":{"name":"(anonymous_1)","decl":{"start":{"line":132,"column":0},"end":{"line":132,"column":null}},"loc":{"start":{"line":132,"column":0},"end":{"line":132,"column":null}}},"2":{"name":"(anonymous_2)","decl":{"start":{"line":133,"column":0},"end":{"line":133,"column":null}},"loc":{"start":{"line":133,"column":0},"end":{"line":133,"column":null}}},"3":{"name":"(anonymous_4)","decl":{"start":{"line":134,"column":0},"end":{"line":134,"column":null}},"loc":{"start":{"line":134,"column":0},"end":{"line":134,"column":null}}},"4":{"name":"(anonymous_6)","decl":{"start":{"line":135,"column":0},"end":{"line":135,"column":null}},"loc":{"start":{"line":135,"column":0},"end":{"line":135,"column":null}}},"5":{"name":"(anonymous_7)","decl":{"start":{"line":136,"column":0},"end":{"line":136,"column":null}},"loc":{"start":{"line":136,"column":0},"end":{"line":136,"column":null}}},"6":{"name":"(anonymous_8)","decl":{"start":{"line":150,"column":0},"end":{"line":150,"column":null}},"loc":{"start":{"line":150,"column":0},"end":{"line":153,"column":null}}},"7":{"name":"(anonymous_9)","decl":{"start":{"line":154,"column":0},"end":{"line":154,"column":null}},"loc":{"start":{"line":154,"column":0},"end":{"line":156,"column":null}}},"8":{"name":"(anonymous_10)","decl":{"start":{"line":158,"column":0},"end":{"line":158,"column":null}},"loc":{"start":{"line":158,"column":0},"end":{"line":162,"column":null}}},"9":{"name":"(anonymous_11)","decl":{"start":{"line":163,"column":0},"end":{"line":163,"column":null}},"loc":{"start":{"line":163,"column":0},"end":{"line":175,"column":null}}},"10":{"name":"(anonymous_12)","decl":{"start":{"line":164,"column":0},"end":{"line":164,"column":null}},"loc":{"start":{"line":164,"column":0},"end":{"line":168,"column":null}}},"11":{"name":"(anonymous_13)","decl":{"start":{"line":168,"column":0},"end":{"line":168,"column":null}},"loc":{"start":{"line":168,"column":0},"end":{"line":174,"column":null}}},"12":{"name":"(anonymous_14)","decl":{"start":{"line":176,"column":0},"end":{"line":176,"column":null}},"loc":{"start":{"line":176,"column":0},"end":{"line":188,"column":null}}},"13":{"name":"(anonymous_15)","decl":{"start":{"line":177,"column":0},"end":{"line":177,"column":null}},"loc":{"start":{"line":177,"column":0},"end":{"line":181,"column":null}}},"14":{"name":"(anonymous_16)","decl":{"start":{"line":181,"column":0},"end":{"line":181,"column":null}},"loc":{"start":{"line":181,"column":0},"end":{"line":187,"column":null}}},"15":{"name":"(anonymous_17)","decl":{"start":{"line":189,"column":0},"end":{"line":189,"column":null}},"loc":{"start":{"line":189,"column":0},"end":{"line":212,"column":null}}},"16":{"name":"(anonymous_18)","decl":{"start":{"line":198,"column":0},"end":{"line":198,"column":null}},"loc":{"start":{"line":198,"column":0},"end":{"line":205,"column":null}}},"17":{"name":"(anonymous_19)","decl":{"start":{"line":205,"column":0},"end":{"line":205,"column":null}},"loc":{"start":{"line":205,"column":0},"end":{"line":211,"column":null}}},"18":{"name":"(anonymous_20)","decl":{"start":{"line":1,"column":0},"end":{"line":1,"column":null}},"loc":{"start":{"line":1,"column":0},"end":{"line":1,"column":null}}}},"branchMap":{"0":{"loc":{"start":{"line":132,"column":0},"end":{"line":132,"column":null}},"type":"binary-expr","locations":[{"start":{"line":132,"column":0},"end":{"line":132,"column":null}},{"start":{"line":132,"column":0},"end":{"line":132,"column":null}}]},"1":{"loc":{"start":{"line":133,"column":0},"end":{"line":133,"column":null}},"type":"binary-expr","locations":[{"start":{"line":133,"column":0},"end":{"line":133,"column":null}},{"start":{"line":133,"column":0},"end":{"line":133,"column":null}}]},"2":{"loc":{"start":{"line":134,"column":0},"end":{"line":134,"column":null}},"type":"binary-expr","locations":[{"start":{"line":134,"column":0},"end":{"line":134,"column":null}},{"start":{"line":134,"column":0},"end":{"line":134,"column":null}}]},"3":{"loc":{"start":{"line":135,"column":0},"end":{"line":135,"column":null}},"type":"binary-expr","locations":[{"start":{"line":135,"column":0},"end":{"line":135,"column":null}},{"start":{"line":135,"column":0},"end":{"line":135,"column":null}}]},"4":{"loc":{"start":{"line":136,"column":0},"end":{"line":136,"column":null}},"type":"binary-expr","locations":[{"start":{"line":136,"column":0},"end":{"line":136,"column":null}},{"start":{"line":136,"column":0},"end":{"line":136,"column":null}}]},"5":{"loc":{"start":{"line":159,"column":0},"end":{"line":161,"column":null}},"type":"if","locations":[{"start":{"line":159,"column":0},"end":{"line":161,"column":null}},{"start":{"line":159,"column":0},"end":{"line":161,"column":null}}]},"6":{"loc":{"start":{"line":1,"column":0},"end":{"line":1,"column":null}},"type":"cond-expr","locations":[{"start":{"line":1,"column":0},"end":{"line":1,"column":null}},{"start":{"line":1,"column":0},"end":{"line":1,"column":null}}]}},"s":{"0":0,"1":0,"2":0,"3":0,"4":0,"5":0,"6":0,"7":0,"8":0,"9":0,"10":0,"11":0,"12":0,"13":0,"14":0,"15":0,"16":0,"17":0,"18":0,"19":0,"20":0,"21":0,"22":0,"23":0,"24":0,"25":0,"26":0,"27":0,"28":0,"29":0,"30":0,"31":0,"32":0,"33":0},"f":{"0":0,"1":0,"2":0,"3":0,"4":0,"5":0,"6":0,"7":0,"8":0,"9":0,"10":0,"11":0,"12":0,"13":0,"14":0,"15":0,"16":0,"17":0,"18":0},"b":{"0":[0,0],"1":[0,0],"2":[0,0],"3":[0,0],"4":[0,0],"5":[0,0],"6":[0,0]}}
,"/home/stiwar/StiwarA/controlUnity/pages/salones/index.vue": {"path":"/home/stiwar/StiwarA/controlUnity/pages/salones/index.vue","statementMap":{"0":{"start":{"line":198,"column":0},"end":{"line":198,"column":null}},"1":{"start":{"line":209,"column":0},"end":{"line":209,"column":null}},"2":{"start":{"line":210,"column":0},"end":{"line":210,"column":null}},"3":{"start":{"line":211,"column":0},"end":{"line":211,"column":null}},"4":{"start":{"line":212,"column":0},"end":{"line":212,"column":null}},"5":{"start":{"line":243,"column":0},"end":{"line":251,"column":null}},"6":{"start":{"line":244,"column":0},"end":{"line":244,"column":null}},"7":{"start":{"line":245,"column":0},"end":{"line":245,"column":null}},"8":{"start":{"line":247,"column":0},"end":{"line":247,"column":null}},"9":{"start":{"line":248,"column":0},"end":{"line":248,"column":null}},"10":{"start":{"line":249,"column":0},"end":{"line":249,"column":null}},"11":{"start":{"line":250,"column":0},"end":{"line":250,"column":null}},"12":{"start":{"line":254,"column":0},"end":{"line":254,"column":null}},"13":{"start":{"line":258,"column":0},"end":{"line":260,"column":null}},"14":{"start":{"line":259,"column":0},"end":{"line":259,"column":null}},"15":{"start":{"line":265,"column":0},"end":{"line":284,"column":null}},"16":{"start":{"line":273,"column":0},"end":{"line":273,"column":null}},"17":{"start":{"line":274,"column":0},"end":{"line":274,"column":null}},"18":{"start":{"line":275,"column":0},"end":{"line":275,"column":null}},"19":{"start":{"line":276,"column":0},"end":{"line":276,"column":null}},"20":{"start":{"line":277,"column":0},"end":{"line":277,"column":null}},"21":{"start":{"line":280,"column":0},"end":{"line":280,"column":null}},"22":{"start":{"line":281,"column":0},"end":{"line":281,"column":null}},"23":{"start":{"line":282,"column":0},"end":{"line":282,"column":null}},"24":{"start":{"line":283,"column":0},"end":{"line":283,"column":null}},"25":{"start":{"line":287,"column":0},"end":{"line":287,"column":null}},"26":{"start":{"line":288,"column":0},"end":{"line":288,"column":null}},"27":{"start":{"line":289,"column":0},"end":{"line":300,"column":null}},"28":{"start":{"line":292,"column":0},"end":{"line":292,"column":null}},"29":{"start":{"line":293,"column":0},"end":{"line":293,"column":null}},"30":{"start":{"line":296,"column":0},"end":{"line":296,"column":null}},"31":{"start":{"line":297,"column":0},"end":{"line":297,"column":null}},"32":{"start":{"line":298,"column":0},"end":{"line":298,"column":null}},"33":{"start":{"line":299,"column":0},"end":{"line":299,"column":null}},"34":{"start":{"line":303,"column":0},"end":{"line":314,"column":null}},"35":{"start":{"line":304,"column":0},"end":{"line":304,"column":null}},"36":{"start":{"line":305,"column":0},"end":{"line":305,"column":null}},"37":{"start":{"line":306,"column":0},"end":{"line":306,"column":null}},"38":{"start":{"line":307,"column":0},"end":{"line":307,"column":null}},"39":{"start":{"line":308,"column":0},"end":{"line":308,"column":null}},"40":{"start":{"line":309,"column":0},"end":{"line":309,"column":null}},"41":{"start":{"line":310,"column":0},"end":{"line":310,"column":null}},"42":{"start":{"line":311,"column":0},"end":{"line":311,"column":null}},"43":{"start":{"line":312,"column":0},"end":{"line":312,"column":null}},"44":{"start":{"line":318,"column":0},"end":{"line":318,"column":null}},"45":{"start":{"line":319,"column":0},"end":{"line":339,"column":null}},"46":{"start":{"line":320,"column":0},"end":{"line":338,"column":null}},"47":{"start":{"line":323,"column":0},"end":{"line":323,"column":null}},"48":{"start":{"line":326,"column":0},"end":{"line":326,"column":null}},"49":{"start":{"line":327,"column":0},"end":{"line":327,"column":null}},"50":{"start":{"line":328,"column":0},"end":{"line":328,"column":null}},"51":{"start":{"line":329,"column":0},"end":{"line":329,"column":null}},"52":{"start":{"line":330,"column":0},"end":{"line":330,"column":null}},"53":{"start":{"line":331,"column":0},"end":{"line":331,"column":null}},"54":{"start":{"line":334,"column":0},"end":{"line":334,"column":null}},"55":{"start":{"line":335,"column":0},"end":{"line":335,"column":null}},"56":{"start":{"line":336,"column":0},"end":{"line":336,"column":null}},"57":{"start":{"line":337,"column":0},"end":{"line":337,"column":null}},"58":{"start":{"line":340,"column":0},"end":{"line":340,"column":null}},"59":{"start":{"line":1,"column":0},"end":{"line":1,"column":null}}},"fnMap":{"0":{"name":"(anonymous_0)","decl":{"start":{"line":197,"column":0},"end":{"line":197,"column":null}},"loc":{"start":{"line":197,"column":0},"end":{"line":241,"column":null}}},"1":{"name":"(anonymous_1)","decl":{"start":{"line":209,"column":0},"end":{"line":209,"column":null}},"loc":{"start":{"line":209,"column":0},"end":{"line":209,"column":null}}},"2":{"name":"(anonymous_2)","decl":{"start":{"line":210,"column":0},"end":{"line":210,"column":null}},"loc":{"start":{"line":210,"column":0},"end":{"line":210,"column":null}}},"3":{"name":"(anonymous_3)","decl":{"start":{"line":211,"column":0},"end":{"line":211,"column":null}},"loc":{"start":{"line":211,"column":0},"end":{"line":211,"column":null}}},"4":{"name":"(anonymous_4)","decl":{"start":{"line":212,"column":0},"end":{"line":212,"column":null}},"loc":{"start":{"line":212,"column":0},"end":{"line":212,"column":null}}},"5":{"name":"(anonymous_5)","decl":{"start":{"line":242,"column":0},"end":{"line":242,"column":null}},"loc":{"start":{"line":242,"column":0},"end":{"line":252,"column":null}}},"6":{"name":"(anonymous_6)","decl":{"start":{"line":253,"column":0},"end":{"line":253,"column":null}},"loc":{"start":{"line":253,"column":0},"end":{"line":255,"column":null}}},"7":{"name":"(anonymous_7)","decl":{"start":{"line":257,"column":0},"end":{"line":257,"column":null}},"loc":{"start":{"line":257,"column":0},"end":{"line":261,"column":null}}},"8":{"name":"(anonymous_8)","decl":{"start":{"line":264,"column":0},"end":{"line":264,"column":null}},"loc":{"start":{"line":264,"column":0},"end":{"line":285,"column":null}}},"9":{"name":"(anonymous_9)","decl":{"start":{"line":266,"column":0},"end":{"line":266,"column":null}},"loc":{"start":{"line":266,"column":0},"end":{"line":278,"column":null}}},"10":{"name":"(anonymous_10)","decl":{"start":{"line":278,"column":0},"end":{"line":278,"column":null}},"loc":{"start":{"line":278,"column":0},"end":{"line":284,"column":null}}},"11":{"name":"(anonymous_11)","decl":{"start":{"line":286,"column":0},"end":{"line":286,"column":null}},"loc":{"start":{"line":286,"column":0},"end":{"line":301,"column":null}}},"12":{"name":"(anonymous_12)","decl":{"start":{"line":289,"column":0},"end":{"line":289,"column":null}},"loc":{"start":{"line":289,"column":0},"end":{"line":294,"column":null}}},"13":{"name":"(anonymous_13)","decl":{"start":{"line":294,"column":0},"end":{"line":294,"column":null}},"loc":{"start":{"line":294,"column":0},"end":{"line":300,"column":null}}},"14":{"name":"(anonymous_14)","decl":{"start":{"line":302,"column":0},"end":{"line":302,"column":null}},"loc":{"start":{"line":302,"column":0},"end":{"line":315,"column":null}}},"15":{"name":"(anonymous_15)","decl":{"start":{"line":303,"column":0},"end":{"line":303,"column":null}},"loc":{"start":{"line":303,"column":0},"end":{"line":314,"column":null}}},"16":{"name":"(anonymous_16)","decl":{"start":{"line":304,"column":0},"end":{"line":304,"column":null}},"loc":{"start":{"line":304,"column":0},"end":{"line":304,"column":null}}},"17":{"name":"(anonymous_17)","decl":{"start":{"line":317,"column":0},"end":{"line":317,"column":null}},"loc":{"start":{"line":317,"column":0},"end":{"line":341,"column":null}}},"18":{"name":"(anonymous_18)","decl":{"start":{"line":320,"column":0},"end":{"line":320,"column":null}},"loc":{"start":{"line":320,"column":0},"end":{"line":332,"column":null}}},"19":{"name":"(anonymous_19)","decl":{"start":{"line":323,"column":0},"end":{"line":323,"column":null}},"loc":{"start":{"line":323,"column":0},"end":{"line":323,"column":null}}},"20":{"name":"(anonymous_20)","decl":{"start":{"line":332,"column":0},"end":{"line":332,"column":null}},"loc":{"start":{"line":332,"column":0},"end":{"line":338,"column":null}}},"21":{"name":"(anonymous_21)","decl":{"start":{"line":1,"column":0},"end":{"line":1,"column":null}},"loc":{"start":{"line":1,"column":0},"end":{"line":1,"column":null}}}},"branchMap":{"0":{"loc":{"start":{"line":209,"column":0},"end":{"line":209,"column":null}},"type":"binary-expr","locations":[{"start":{"line":209,"column":0},"end":{"line":209,"column":null}},{"start":{"line":209,"column":0},"end":{"line":209,"column":null}}]},"1":{"loc":{"start":{"line":210,"column":0},"end":{"line":210,"column":null}},"type":"binary-expr","locations":[{"start":{"line":210,"column":0},"end":{"line":210,"column":null}},{"start":{"line":210,"column":0},"end":{"line":210,"column":null}}]},"2":{"loc":{"start":{"line":211,"column":0},"end":{"line":211,"column":null}},"type":"binary-expr","locations":[{"start":{"line":211,"column":0},"end":{"line":211,"column":null}},{"start":{"line":211,"column":0},"end":{"line":211,"column":null}}]},"3":{"loc":{"start":{"line":212,"column":0},"end":{"line":212,"column":null}},"type":"binary-expr","locations":[{"start":{"line":212,"column":0},"end":{"line":212,"column":null}},{"start":{"line":212,"column":0},"end":{"line":212,"column":null}}]},"4":{"loc":{"start":{"line":258,"column":0},"end":{"line":260,"column":null}},"type":"if","locations":[{"start":{"line":258,"column":0},"end":{"line":260,"column":null}},{"start":{"line":258,"column":0},"end":{"line":260,"column":null}}]},"5":{"loc":{"start":{"line":319,"column":0},"end":{"line":339,"column":null}},"type":"if","locations":[{"start":{"line":319,"column":0},"end":{"line":339,"column":null}},{"start":{"line":319,"column":0},"end":{"line":339,"column":null}}]},"6":{"loc":{"start":{"line":1,"column":0},"end":{"line":1,"column":null}},"type":"cond-expr","locations":[{"start":{"line":1,"column":0},"end":{"line":1,"column":null}},{"start":{"line":1,"column":0},"end":{"line":1,"column":null}}]}},"s":{"0":0,"1":0,"2":0,"3":0,"4":0,"5":0,"6":0,"7":0,"8":0,"9":0,"10":0,"11":0,"12":0,"13":0,"14":0,"15":0,"16":0,"17":0,"18":0,"19":0,"20":0,"21":0,"22":0,"23":0,"24":0,"25":0,"26":0,"27":0,"28":0,"29":0,"30":0,"31":0,"32":0,"33":0,"34":0,"35":0,"36":0,"37":0,"38":0,"39":0,"40":0,"41":0,"42":0,"43":0,"44":0,"45":0,"46":0,"47":0,"48":0,"49":0,"50":0,"51":0,"52":0,"53":0,"54":0,"55":0,"56":0,"57":0,"58":0,"59":0},"f":{"0":0,"1":0,"2":0,"3":0,"4":0,"5":0,"6":0,"7":0,"8":0,"9":0,"10":0,"11":0,"12":0,"13":0,"14":0,"15":0,"16":0,"17":0,"18":0,"19":0,"20":0,"21":0},"b":{"0":[0,0],"1":[0,0],"2":[0,0],"3":[0,0],"4":[0,0],"5":[0,0],"6":[0,0]}}
,"/home/stiwar/StiwarA/controlUnity/pages/usuarios/index.vue": {"path":"/home/stiwar/StiwarA/controlUnity/pages/usuarios/index.vue","statementMap":{"0":{"start":{"line":94,"column":0},"end":{"line":94,"column":null}},"1":{"start":{"line":109,"column":0},"end":{"line":109,"column":null}},"2":{"start":{"line":110,"column":0},"end":{"line":110,"column":null}},"3":{"start":{"line":111,"column":0},"end":{"line":111,"column":null}},"4":{"start":{"line":115,"column":0},"end":{"line":115,"column":null}},"5":{"start":{"line":116,"column":0},"end":{"line":116,"column":null}},"6":{"start":{"line":144,"column":0},"end":{"line":152,"column":null}},"7":{"start":{"line":146,"column":0},"end":{"line":146,"column":null}},"8":{"start":{"line":147,"column":0},"end":{"line":147,"column":null}},"9":{"start":{"line":149,"column":0},"end":{"line":149,"column":null}},"10":{"start":{"line":150,"column":0},"end":{"line":150,"column":null}},"11":{"start":{"line":151,"column":0},"end":{"line":151,"column":null}},"12":{"start":{"line":155,"column":0},"end":{"line":155,"column":null}},"13":{"start":{"line":159,"column":0},"end":{"line":175,"column":null}},"14":{"start":{"line":168,"column":0},"end":{"line":168,"column":null}},"15":{"start":{"line":171,"column":0},"end":{"line":171,"column":null}},"16":{"start":{"line":172,"column":0},"end":{"line":172,"column":null}},"17":{"start":{"line":173,"column":0},"end":{"line":173,"column":null}},"18":{"start":{"line":174,"column":0},"end":{"line":174,"column":null}},"19":{"start":{"line":178,"column":0},"end":{"line":178,"column":null}},"20":{"start":{"line":179,"column":0},"end":{"line":179,"column":null}},"21":{"start":{"line":180,"column":0},"end":{"line":190,"column":null}},"22":{"start":{"line":183,"column":0},"end":{"line":183,"column":null}},"23":{"start":{"line":186,"column":0},"end":{"line":186,"column":null}},"24":{"start":{"line":187,"column":0},"end":{"line":187,"column":null}},"25":{"start":{"line":188,"column":0},"end":{"line":188,"column":null}},"26":{"start":{"line":189,"column":0},"end":{"line":189,"column":null}},"27":{"start":{"line":193,"column":0},"end":{"line":203,"column":null}},"28":{"start":{"line":194,"column":0},"end":{"line":194,"column":null}},"29":{"start":{"line":195,"column":0},"end":{"line":195,"column":null}},"30":{"start":{"line":196,"column":0},"end":{"line":196,"column":null}},"31":{"start":{"line":197,"column":0},"end":{"line":197,"column":null}},"32":{"start":{"line":198,"column":0},"end":{"line":198,"column":null}},"33":{"start":{"line":199,"column":0},"end":{"line":199,"column":null}},"34":{"start":{"line":200,"column":0},"end":{"line":200,"column":null}},"35":{"start":{"line":201,"column":0},"end":{"line":201,"column":null}},"36":{"start":{"line":202,"column":0},"end":{"line":202,"column":null}},"37":{"start":{"line":207,"column":0},"end":{"line":207,"column":null}},"38":{"start":{"line":208,"column":0},"end":{"line":225,"column":null}},"39":{"start":{"line":209,"column":0},"end":{"line":224,"column":null}},"40":{"start":{"line":212,"column":0},"end":{"line":212,"column":null}},"41":{"start":{"line":213,"column":0},"end":{"line":213,"column":null}},"42":{"start":{"line":214,"column":0},"end":{"line":214,"column":null}},"43":{"start":{"line":215,"column":0},"end":{"line":215,"column":null}},"44":{"start":{"line":216,"column":0},"end":{"line":216,"column":null}},"45":{"start":{"line":217,"column":0},"end":{"line":217,"column":null}},"46":{"start":{"line":220,"column":0},"end":{"line":220,"column":null}},"47":{"start":{"line":221,"column":0},"end":{"line":221,"column":null}},"48":{"start":{"line":222,"column":0},"end":{"line":222,"column":null}},"49":{"start":{"line":223,"column":0},"end":{"line":223,"column":null}},"50":{"start":{"line":226,"column":0},"end":{"line":226,"column":null}},"51":{"start":{"line":1,"column":0},"end":{"line":1,"column":null}}},"fnMap":{"0":{"name":"(anonymous_0)","decl":{"start":{"line":93,"column":0},"end":{"line":93,"column":null}},"loc":{"start":{"line":93,"column":0},"end":{"line":142,"column":null}}},"1":{"name":"(anonymous_1)","decl":{"start":{"line":109,"column":0},"end":{"line":109,"column":null}},"loc":{"start":{"line":109,"column":0},"end":{"line":109,"column":null}}},"2":{"name":"(anonymous_2)","decl":{"start":{"line":110,"column":0},"end":{"line":110,"column":null}},"loc":{"start":{"line":110,"column":0},"end":{"line":110,"column":null}}},"3":{"name":"(anonymous_3)","decl":{"start":{"line":111,"column":0},"end":{"line":111,"column":null}},"loc":{"start":{"line":111,"column":0},"end":{"line":111,"column":null}}},"4":{"name":"(anonymous_5)","decl":{"start":{"line":115,"column":0},"end":{"line":115,"column":null}},"loc":{"start":{"line":115,"column":0},"end":{"line":115,"column":null}}},"5":{"name":"(anonymous_7)","decl":{"start":{"line":116,"column":0},"end":{"line":116,"column":null}},"loc":{"start":{"line":116,"column":0},"end":{"line":116,"column":null}}},"6":{"name":"(anonymous_8)","decl":{"start":{"line":143,"column":0},"end":{"line":143,"column":null}},"loc":{"start":{"line":143,"column":0},"end":{"line":153,"column":null}}},"7":{"name":"(anonymous_9)","decl":{"start":{"line":154,"column":0},"end":{"line":154,"column":null}},"loc":{"start":{"line":154,"column":0},"end":{"line":156,"column":null}}},"8":{"name":"(anonymous_10)","decl":{"start":{"line":158,"column":0},"end":{"line":158,"column":null}},"loc":{"start":{"line":158,"column":0},"end":{"line":176,"column":null}}},"9":{"name":"(anonymous_11)","decl":{"start":{"line":160,"column":0},"end":{"line":160,"column":null}},"loc":{"start":{"line":160,"column":0},"end":{"line":169,"column":null}}},"10":{"name":"(anonymous_12)","decl":{"start":{"line":169,"column":0},"end":{"line":169,"column":null}},"loc":{"start":{"line":169,"column":0},"end":{"line":175,"column":null}}},"11":{"name":"(anonymous_13)","decl":{"start":{"line":177,"column":0},"end":{"line":177,"column":null}},"loc":{"start":{"line":177,"column":0},"end":{"line":191,"column":null}}},"12":{"name":"(anonymous_14)","decl":{"start":{"line":180,"column":0},"end":{"line":180,"column":null}},"loc":{"start":{"line":180,"column":0},"end":{"line":184,"column":null}}},"13":{"name":"(anonymous_15)","decl":{"start":{"line":184,"column":0},"end":{"line":184,"column":null}},"loc":{"start":{"line":184,"column":0},"end":{"line":190,"column":null}}},"14":{"name":"(anonymous_16)","decl":{"start":{"line":192,"column":0},"end":{"line":192,"column":null}},"loc":{"start":{"line":192,"column":0},"end":{"line":204,"column":null}}},"15":{"name":"(anonymous_17)","decl":{"start":{"line":193,"column":0},"end":{"line":193,"column":null}},"loc":{"start":{"line":193,"column":0},"end":{"line":203,"column":null}}},"16":{"name":"(anonymous_18)","decl":{"start":{"line":194,"column":0},"end":{"line":194,"column":null}},"loc":{"start":{"line":194,"column":0},"end":{"line":194,"column":null}}},"17":{"name":"(anonymous_19)","decl":{"start":{"line":206,"column":0},"end":{"line":206,"column":null}},"loc":{"start":{"line":206,"column":0},"end":{"line":227,"column":null}}},"18":{"name":"(anonymous_20)","decl":{"start":{"line":209,"column":0},"end":{"line":209,"column":null}},"loc":{"start":{"line":209,"column":0},"end":{"line":218,"column":null}}},"19":{"name":"(anonymous_21)","decl":{"start":{"line":218,"column":0},"end":{"line":218,"column":null}},"loc":{"start":{"line":218,"column":0},"end":{"line":224,"column":null}}},"20":{"name":"(anonymous_22)","decl":{"start":{"line":1,"column":0},"end":{"line":1,"column":null}},"loc":{"start":{"line":1,"column":0},"end":{"line":1,"column":null}}}},"branchMap":{"0":{"loc":{"start":{"line":109,"column":0},"end":{"line":109,"column":null}},"type":"binary-expr","locations":[{"start":{"line":109,"column":0},"end":{"line":109,"column":null}},{"start":{"line":109,"column":0},"end":{"line":109,"column":null}}]},"1":{"loc":{"start":{"line":110,"column":0},"end":{"line":110,"column":null}},"type":"binary-expr","locations":[{"start":{"line":110,"column":0},"end":{"line":110,"column":null}},{"start":{"line":110,"column":0},"end":{"line":110,"column":null}}]},"2":{"loc":{"start":{"line":111,"column":0},"end":{"line":111,"column":null}},"type":"binary-expr","locations":[{"start":{"line":111,"column":0},"end":{"line":111,"column":null}},{"start":{"line":111,"column":0},"end":{"line":111,"column":null}}]},"3":{"loc":{"start":{"line":115,"column":0},"end":{"line":115,"column":null}},"type":"binary-expr","locations":[{"start":{"line":115,"column":0},"end":{"line":115,"column":null}},{"start":{"line":115,"column":0},"end":{"line":115,"column":null}}]},"4":{"loc":{"start":{"line":116,"column":0},"end":{"line":116,"column":null}},"type":"binary-expr","locations":[{"start":{"line":116,"column":0},"end":{"line":116,"column":null}},{"start":{"line":116,"column":0},"end":{"line":116,"column":null}}]},"5":{"loc":{"start":{"line":208,"column":0},"end":{"line":225,"column":null}},"type":"if","locations":[{"start":{"line":208,"column":0},"end":{"line":225,"column":null}},{"start":{"line":208,"column":0},"end":{"line":225,"column":null}}]},"6":{"loc":{"start":{"line":1,"column":0},"end":{"line":1,"column":null}},"type":"cond-expr","locations":[{"start":{"line":1,"column":0},"end":{"line":1,"column":null}},{"start":{"line":1,"column":0},"end":{"line":1,"column":null}}]}},"s":{"0":0,"1":0,"2":0,"3":0,"4":0,"5":0,"6":0,"7":0,"8":0,"9":0,"10":0,"11":0,"12":0,"13":0,"14":0,"15":0,"16":0,"17":0,"18":0,"19":0,"20":0,"21":0,"22":0,"23":0,"24":0,"25":0,"26":0,"27":0,"28":0,"29":0,"30":0,"31":0,"32":0,"33":0,"34":0,"35":0,"36":0,"37":0,"38":0,"39":0,"40":0,"41":0,"42":0,"43":0,"44":0,"45":0,"46":0,"47":0,"48":0,"49":0,"50":0,"51":0},"f":{"0":0,"1":0,"2":0,"3":0,"4":0,"5":0,"6":0,"7":0,"8":0,"9":0,"10":0,"11":0,"12":0,"13":0,"14":0,"15":0,"16":0,"17":0,"18":0,"19":0,"20":0},"b":{"0":[0,0],"1":[0,0],"2":[0,0],"3":[0,0],"4":[0,0],"5":[0,0],"6":[0,0]}}
}
