TN:
SF:/home/stiwar/StiwarA/controlUnity/pages/index.vue
FN:52,(anonymous_0)
FN:62,(anonymous_1)
FN:63,(anonymous_2)
FN:66,(anonymous_3)
FN:70,(anonymous_4)
FN:75,(anonymous_5)
FN:79,(anonymous_6)
FN:91,(anonymous_7)
FN:1,(anonymous_8)
FNF:9
FNH:0
FNDA:0,(anonymous_0)
FNDA:0,(anonymous_1)
FNDA:0,(anonymous_2)
FNDA:0,(anonymous_3)
FNDA:0,(anonymous_4)
FNDA:0,(anonymous_5)
FNDA:0,(anonymous_6)
FNDA:0,(anonymous_7)
FNDA:0,(anonymous_8)
DA:1,0
DA:53,0
DA:62,0
DA:63,0
DA:67,0
DA:71,0
DA:72,0
DA:76,0
DA:77,0
DA:78,0
DA:79,0
DA:89,0
DA:90,0
DA:93,0
DA:94,0
DA:95,0
DA:97,0
LF:17
LH:0
BRDA:62,0,0,0
BRDA:62,0,1,0
BRDA:63,1,0,0
BRDA:63,1,1,0
BRDA:71,2,0,0
BRDA:71,2,1,0
BRDA:1,3,0,0
BRDA:1,3,1,0
BRF:8
BRH:0
end_of_record
TN:
SF:/home/stiwar/StiwarA/controlUnity/pages/home/index.vue
FN:40,(anonymous_0)
FN:1,(anonymous_1)
FNF:2
FNH:0
FNDA:0,(anonymous_0)
FNDA:0,(anonymous_1)
DA:1,0
DA:41,0
LF:2
LH:0
BRF:0
BRH:0
end_of_record
TN:
SF:/home/stiwar/StiwarA/controlUnity/pages/implementos/index.vue
FN:278,(anonymous_0)
FN:296,(anonymous_1)
FN:297,(anonymous_2)
FN:298,(anonymous_3)
FN:302,(anonymous_5)
FN:306,(anonymous_7)
FN:307,(anonymous_8)
FN:311,(anonymous_10)
FN:315,(anonymous_12)
FN:350,(anonymous_14)
FN:361,(anonymous_15)
FN:365,(anonymous_16)
FN:371,(anonymous_17)
FN:373,(anonymous_18)
FN:389,(anonymous_19)
FN:398,(anonymous_20)
FN:400,(anonymous_21)
FN:405,(anonymous_22)
FN:414,(anonymous_23)
FN:415,(anonymous_24)
FN:416,(anonymous_25)
FN:433,(anonymous_26)
FN:436,(anonymous_27)
FN:445,(anonymous_28)
FN:1,(anonymous_29)
FNF:25
FNH:0
FNDA:0,(anonymous_0)
FNDA:0,(anonymous_1)
FNDA:0,(anonymous_2)
FNDA:0,(anonymous_3)
FNDA:0,(anonymous_5)
FNDA:0,(anonymous_7)
FNDA:0,(anonymous_8)
FNDA:0,(anonymous_10)
FNDA:0,(anonymous_12)
FNDA:0,(anonymous_14)
FNDA:0,(anonymous_15)
FNDA:0,(anonymous_16)
FNDA:0,(anonymous_17)
FNDA:0,(anonymous_18)
FNDA:0,(anonymous_19)
FNDA:0,(anonymous_20)
FNDA:0,(anonymous_21)
FNDA:0,(anonymous_22)
FNDA:0,(anonymous_23)
FNDA:0,(anonymous_24)
FNDA:0,(anonymous_25)
FNDA:0,(anonymous_26)
FNDA:0,(anonymous_27)
FNDA:0,(anonymous_28)
FNDA:0,(anonymous_29)
DA:1,0
DA:279,0
DA:296,0
DA:297,0
DA:298,0
DA:302,0
DA:306,0
DA:307,0
DA:311,0
DA:315,0
DA:351,0
DA:352,0
DA:353,0
DA:355,0
DA:356,0
DA:357,0
DA:358,0
DA:362,0
DA:366,0
DA:367,0
DA:372,0
DA:385,0
DA:386,0
DA:387,0
DA:388,0
DA:391,0
DA:392,0
DA:393,0
DA:394,0
DA:399,0
DA:400,0
DA:403,0
DA:404,0
DA:407,0
DA:408,0
DA:409,0
DA:410,0
DA:415,0
DA:416,0
DA:417,0
DA:418,0
DA:419,0
DA:420,0
DA:421,0
DA:422,0
DA:423,0
DA:424,0
DA:425,0
DA:426,0
DA:427,0
DA:428,0
DA:429,0
DA:434,0
DA:435,0
DA:436,0
DA:439,0
DA:440,0
DA:441,0
DA:442,0
DA:443,0
DA:444,0
DA:447,0
DA:448,0
DA:449,0
DA:450,0
DA:453,0
LF:66
LH:0
BRDA:296,0,0,0
BRDA:296,0,1,0
BRDA:297,1,0,0
BRDA:297,1,1,0
BRDA:298,2,0,0
BRDA:298,2,1,0
BRDA:302,3,0,0
BRDA:302,3,1,0
BRDA:306,4,0,0
BRDA:306,4,1,0
BRDA:307,5,0,0
BRDA:307,5,1,0
BRDA:311,6,0,0
BRDA:311,6,1,0
BRDA:315,7,0,0
BRDA:315,7,1,0
BRDA:366,8,0,0
BRDA:366,8,1,0
BRDA:435,9,0,0
BRDA:435,9,1,0
BRDA:1,10,0,0
BRDA:1,10,1,0
BRF:22
BRH:0
end_of_record
TN:
SF:/home/stiwar/StiwarA/controlUnity/pages/profesores/index.vue
FN:211,(anonymous_0)
FN:223,(anonymous_1)
FN:224,(anonymous_2)
FN:228,(anonymous_4)
FN:229,(anonymous_5)
FN:236,(anonymous_7)
FN:272,(anonymous_8)
FN:284,(anonymous_9)
FN:288,(anonymous_10)
FN:294,(anonymous_11)
FN:296,(anonymous_12)
FN:307,(anonymous_13)
FN:315,(anonymous_14)
FN:318,(anonymous_15)
FN:322,(anonymous_16)
FN:330,(anonymous_17)
FN:331,(anonymous_18)
FN:332,(anonymous_19)
FN:345,(anonymous_20)
FN:348,(anonymous_21)
FN:351,(anonymous_22)
FN:360,(anonymous_23)
FN:1,(anonymous_24)
FNF:23
FNH:0
FNDA:0,(anonymous_0)
FNDA:0,(anonymous_1)
FNDA:0,(anonymous_2)
FNDA:0,(anonymous_4)
FNDA:0,(anonymous_5)
FNDA:0,(anonymous_7)
FNDA:0,(anonymous_8)
FNDA:0,(anonymous_9)
FNDA:0,(anonymous_10)
FNDA:0,(anonymous_11)
FNDA:0,(anonymous_12)
FNDA:0,(anonymous_13)
FNDA:0,(anonymous_14)
FNDA:0,(anonymous_15)
FNDA:0,(anonymous_16)
FNDA:0,(anonymous_17)
FNDA:0,(anonymous_18)
FNDA:0,(anonymous_19)
FNDA:0,(anonymous_20)
FNDA:0,(anonymous_21)
FNDA:0,(anonymous_22)
FNDA:0,(anonymous_23)
FNDA:0,(anonymous_24)
DA:1,0
DA:212,0
DA:223,0
DA:224,0
DA:228,0
DA:229,0
DA:236,0
DA:273,0
DA:274,0
DA:275,0
DA:276,0
DA:278,0
DA:279,0
DA:280,0
DA:281,0
DA:285,0
DA:289,0
DA:290,0
DA:295,0
DA:303,0
DA:304,0
DA:305,0
DA:306,0
DA:309,0
DA:310,0
DA:311,0
DA:312,0
DA:316,0
DA:317,0
DA:318,0
DA:321,0
DA:324,0
DA:325,0
DA:326,0
DA:327,0
DA:331,0
DA:332,0
DA:333,0
DA:334,0
DA:335,0
DA:336,0
DA:337,0
DA:338,0
DA:339,0
DA:340,0
DA:341,0
DA:346,0
DA:347,0
DA:348,0
DA:351,0
DA:354,0
DA:355,0
DA:356,0
DA:357,0
DA:358,0
DA:359,0
DA:362,0
DA:363,0
DA:364,0
DA:365,0
DA:368,0
LF:61
LH:0
BRDA:223,0,0,0
BRDA:223,0,1,0
BRDA:224,1,0,0
BRDA:224,1,1,0
BRDA:228,2,0,0
BRDA:228,2,1,0
BRDA:229,3,0,0
BRDA:229,3,1,0
BRDA:236,4,0,0
BRDA:236,4,1,0
BRDA:289,5,0,0
BRDA:289,5,1,0
BRDA:347,6,0,0
BRDA:347,6,1,0
BRDA:1,7,0,0
BRDA:1,7,1,0
BRF:16
BRH:0
end_of_record
TN:
SF:/home/stiwar/StiwarA/controlUnity/pages/registro/index.vue
FN:65,(anonymous_0)
FN:76,(anonymous_1)
FN:77,(anonymous_2)
FN:78,(anonymous_3)
FN:85,(anonymous_5)
FN:91,(anonymous_7)
FN:95,(anonymous_8)
FN:97,(anonymous_9)
FN:105,(anonymous_10)
FN:1,(anonymous_11)
FNF:10
FNH:0
FNDA:0,(anonymous_0)
FNDA:0,(anonymous_1)
FNDA:0,(anonymous_2)
FNDA:0,(anonymous_3)
FNDA:0,(anonymous_5)
FNDA:0,(anonymous_7)
FNDA:0,(anonymous_8)
FNDA:0,(anonymous_9)
FNDA:0,(anonymous_10)
FNDA:0,(anonymous_11)
DA:1,0
DA:66,0
DA:76,0
DA:77,0
DA:78,0
DA:85,0
DA:92,0
DA:96,0
DA:104,0
DA:107,0
DA:108,0
DA:109,0
DA:110,0
LF:13
LH:0
BRDA:76,0,0,0
BRDA:76,0,1,0
BRDA:77,1,0,0
BRDA:77,1,1,0
BRDA:78,2,0,0
BRDA:78,2,1,0
BRDA:85,3,0,0
BRDA:85,3,1,0
BRDA:1,4,0,0
BRDA:1,4,1,0
BRF:10
BRH:0
end_of_record
TN:
SF:/home/stiwar/StiwarA/controlUnity/pages/reservar/index.vue
FN:116,(anonymous_0)
FN:132,(anonymous_1)
FN:133,(anonymous_2)
FN:134,(anonymous_4)
FN:135,(anonymous_6)
FN:136,(anonymous_7)
FN:150,(anonymous_8)
FN:154,(anonymous_9)
FN:158,(anonymous_10)
FN:163,(anonymous_11)
FN:164,(anonymous_12)
FN:168,(anonymous_13)
FN:176,(anonymous_14)
FN:177,(anonymous_15)
FN:181,(anonymous_16)
FN:189,(anonymous_17)
FN:198,(anonymous_18)
FN:205,(anonymous_19)
FN:1,(anonymous_20)
FNF:19
FNH:0
FNDA:0,(anonymous_0)
FNDA:0,(anonymous_1)
FNDA:0,(anonymous_2)
FNDA:0,(anonymous_4)
FNDA:0,(anonymous_6)
FNDA:0,(anonymous_7)
FNDA:0,(anonymous_8)
FNDA:0,(anonymous_9)
FNDA:0,(anonymous_10)
FNDA:0,(anonymous_11)
FNDA:0,(anonymous_12)
FNDA:0,(anonymous_13)
FNDA:0,(anonymous_14)
FNDA:0,(anonymous_15)
FNDA:0,(anonymous_16)
FNDA:0,(anonymous_17)
FNDA:0,(anonymous_18)
FNDA:0,(anonymous_19)
FNDA:0,(anonymous_20)
DA:1,0
DA:117,0
DA:132,0
DA:133,0
DA:134,0
DA:135,0
DA:136,0
DA:151,0
DA:152,0
DA:155,0
DA:159,0
DA:160,0
DA:164,0
DA:167,0
DA:170,0
DA:171,0
DA:172,0
DA:173,0
DA:177,0
DA:180,0
DA:183,0
DA:184,0
DA:185,0
DA:186,0
DA:190,0
DA:198,0
DA:201,0
DA:202,0
DA:203,0
DA:204,0
DA:207,0
DA:208,0
DA:209,0
DA:210,0
LF:34
LH:0
BRDA:132,0,0,0
BRDA:132,0,1,0
BRDA:133,1,0,0
BRDA:133,1,1,0
BRDA:134,2,0,0
BRDA:134,2,1,0
BRDA:135,3,0,0
BRDA:135,3,1,0
BRDA:136,4,0,0
BRDA:136,4,1,0
BRDA:159,5,0,0
BRDA:159,5,1,0
BRDA:1,6,0,0
BRDA:1,6,1,0
BRF:14
BRH:0
end_of_record
TN:
SF:/home/stiwar/StiwarA/controlUnity/pages/salones/index.vue
FN:197,(anonymous_0)
FN:209,(anonymous_1)
FN:210,(anonymous_2)
FN:211,(anonymous_3)
FN:212,(anonymous_4)
FN:242,(anonymous_5)
FN:253,(anonymous_6)
FN:257,(anonymous_7)
FN:264,(anonymous_8)
FN:266,(anonymous_9)
FN:278,(anonymous_10)
FN:286,(anonymous_11)
FN:289,(anonymous_12)
FN:294,(anonymous_13)
FN:302,(anonymous_14)
FN:303,(anonymous_15)
FN:304,(anonymous_16)
FN:317,(anonymous_17)
FN:320,(anonymous_18)
FN:323,(anonymous_19)
FN:332,(anonymous_20)
FN:1,(anonymous_21)
FNF:22
FNH:0
FNDA:0,(anonymous_0)
FNDA:0,(anonymous_1)
FNDA:0,(anonymous_2)
FNDA:0,(anonymous_3)
FNDA:0,(anonymous_4)
FNDA:0,(anonymous_5)
FNDA:0,(anonymous_6)
FNDA:0,(anonymous_7)
FNDA:0,(anonymous_8)
FNDA:0,(anonymous_9)
FNDA:0,(anonymous_10)
FNDA:0,(anonymous_11)
FNDA:0,(anonymous_12)
FNDA:0,(anonymous_13)
FNDA:0,(anonymous_14)
FNDA:0,(anonymous_15)
FNDA:0,(anonymous_16)
FNDA:0,(anonymous_17)
FNDA:0,(anonymous_18)
FNDA:0,(anonymous_19)
FNDA:0,(anonymous_20)
FNDA:0,(anonymous_21)
DA:1,0
DA:198,0
DA:209,0
DA:210,0
DA:211,0
DA:212,0
DA:243,0
DA:244,0
DA:245,0
DA:247,0
DA:248,0
DA:249,0
DA:250,0
DA:254,0
DA:258,0
DA:259,0
DA:265,0
DA:273,0
DA:274,0
DA:275,0
DA:276,0
DA:277,0
DA:280,0
DA:281,0
DA:282,0
DA:283,0
DA:287,0
DA:288,0
DA:289,0
DA:292,0
DA:293,0
DA:296,0
DA:297,0
DA:298,0
DA:299,0
DA:303,0
DA:304,0
DA:305,0
DA:306,0
DA:307,0
DA:308,0
DA:309,0
DA:310,0
DA:311,0
DA:312,0
DA:318,0
DA:319,0
DA:320,0
DA:323,0
DA:326,0
DA:327,0
DA:328,0
DA:329,0
DA:330,0
DA:331,0
DA:334,0
DA:335,0
DA:336,0
DA:337,0
DA:340,0
LF:60
LH:0
BRDA:209,0,0,0
BRDA:209,0,1,0
BRDA:210,1,0,0
BRDA:210,1,1,0
BRDA:211,2,0,0
BRDA:211,2,1,0
BRDA:212,3,0,0
BRDA:212,3,1,0
BRDA:258,4,0,0
BRDA:258,4,1,0
BRDA:319,5,0,0
BRDA:319,5,1,0
BRDA:1,6,0,0
BRDA:1,6,1,0
BRF:14
BRH:0
end_of_record
TN:
SF:/home/stiwar/StiwarA/controlUnity/pages/usuarios/index.vue
FN:93,(anonymous_0)
FN:109,(anonymous_1)
FN:110,(anonymous_2)
FN:111,(anonymous_3)
FN:115,(anonymous_5)
FN:116,(anonymous_7)
FN:143,(anonymous_8)
FN:154,(anonymous_9)
FN:158,(anonymous_10)
FN:160,(anonymous_11)
FN:169,(anonymous_12)
FN:177,(anonymous_13)
FN:180,(anonymous_14)
FN:184,(anonymous_15)
FN:192,(anonymous_16)
FN:193,(anonymous_17)
FN:194,(anonymous_18)
FN:206,(anonymous_19)
FN:209,(anonymous_20)
FN:218,(anonymous_21)
FN:1,(anonymous_22)
FNF:21
FNH:0
FNDA:0,(anonymous_0)
FNDA:0,(anonymous_1)
FNDA:0,(anonymous_2)
FNDA:0,(anonymous_3)
FNDA:0,(anonymous_5)
FNDA:0,(anonymous_7)
FNDA:0,(anonymous_8)
FNDA:0,(anonymous_9)
FNDA:0,(anonymous_10)
FNDA:0,(anonymous_11)
FNDA:0,(anonymous_12)
FNDA:0,(anonymous_13)
FNDA:0,(anonymous_14)
FNDA:0,(anonymous_15)
FNDA:0,(anonymous_16)
FNDA:0,(anonymous_17)
FNDA:0,(anonymous_18)
FNDA:0,(anonymous_19)
FNDA:0,(anonymous_20)
FNDA:0,(anonymous_21)
FNDA:0,(anonymous_22)
DA:1,0
DA:94,0
DA:109,0
DA:110,0
DA:111,0
DA:115,0
DA:116,0
DA:144,0
DA:146,0
DA:147,0
DA:149,0
DA:150,0
DA:151,0
DA:155,0
DA:159,0
DA:168,0
DA:171,0
DA:172,0
DA:173,0
DA:174,0
DA:178,0
DA:179,0
DA:180,0
DA:183,0
DA:186,0
DA:187,0
DA:188,0
DA:189,0
DA:193,0
DA:194,0
DA:195,0
DA:196,0
DA:197,0
DA:198,0
DA:199,0
DA:200,0
DA:201,0
DA:202,0
DA:207,0
DA:208,0
DA:209,0
DA:212,0
DA:213,0
DA:214,0
DA:215,0
DA:216,0
DA:217,0
DA:220,0
DA:221,0
DA:222,0
DA:223,0
DA:226,0
LF:52
LH:0
BRDA:109,0,0,0
BRDA:109,0,1,0
BRDA:110,1,0,0
BRDA:110,1,1,0
BRDA:111,2,0,0
BRDA:111,2,1,0
BRDA:115,3,0,0
BRDA:115,3,1,0
BRDA:116,4,0,0
BRDA:116,4,1,0
BRDA:208,5,0,0
BRDA:208,5,1,0
BRDA:1,6,0,0
BRDA:1,6,1,0
BRF:14
BRH:0
end_of_record
